-------------------------------------------------------------------------------
Test set: com.kiran.Springboot.tutorial.service.DepartmentServiceTest
-------------------------------------------------------------------------------
Tests run: 1, Failures: 0, Errors: 1, Skipped: 0, Time elapsed: 0.932 s <<< FAILURE! - in com.kiran.Springboot.tutorial.service.DepartmentServiceTest
whenValidDepartmentName_thenDepartmentShouldFound  Time elapsed: 0 s  <<< ERROR!
java.lang.IllegalStateException: Failed to load ApplicationContext
Caused by: org.springframework.beans.factory.BeanCreationException: Error creating bean with name 'helloController': Injection of autowired dependencies failed; nested exception is java.lang.IllegalArgumentException: Could not resolve placeholder 'welcome.message' in value "${welcome.message}"
Caused by: java.lang.IllegalArgumentException: Could not resolve placeholder 'welcome.message' in value "${welcome.message}"

